  Tutorial 2.cpp
c:\users\computing\documents\github\physx_workshops\tutorial 2\myphysicsengine.h(64): warning C4305: 'argument': truncation from 'double' to 'physx::PxReal'
c:\users\computing\documents\github\physx_workshops\tutorial 2\myphysicsengine.h(65): warning C4305: 'argument': truncation from 'double' to 'physx::PxReal'
c:\users\computing\documents\github\physx_workshops\tutorial 2\myphysicsengine.h(66): warning C4305: 'argument': truncation from 'double' to 'physx::PxReal'
c:\users\computing\documents\github\physx_workshops\tutorial 2\myphysicsengine.h(67): warning C4305: 'argument': truncation from 'double' to 'physx::PxReal'
c:\users\computing\documents\github\physx_workshops\tutorial 2\myphysicsengine.h(68): warning C4305: 'argument': truncation from 'double' to 'physx::PxReal'
c:\users\computing\documents\github\physx_workshops\tutorial 2\myphysicsengine.h(69): warning C4305: 'argument': truncation from 'double' to 'physx::PxReal'
c:\users\computing\documents\github\physx_workshops\tutorial 2\myphysicsengine.h(70): warning C4305: 'argument': truncation from 'double' to 'physx::PxReal'
c:\users\computing\documents\github\physx_workshops\tutorial 2\myphysicsengine.h(71): warning C4305: 'argument': truncation from 'double' to 'physx::PxReal'
  Generating Code...
  Compiling...
  VisualDebugger.cpp
c:\users\computing\documents\github\physx_workshops\tutorial 2\myphysicsengine.h(64): warning C4305: 'argument': truncation from 'double' to 'physx::PxReal'
c:\users\computing\documents\github\physx_workshops\tutorial 2\myphysicsengine.h(65): warning C4305: 'argument': truncation from 'double' to 'physx::PxReal'
c:\users\computing\documents\github\physx_workshops\tutorial 2\myphysicsengine.h(66): warning C4305: 'argument': truncation from 'double' to 'physx::PxReal'
c:\users\computing\documents\github\physx_workshops\tutorial 2\myphysicsengine.h(67): warning C4305: 'argument': truncation from 'double' to 'physx::PxReal'
c:\users\computing\documents\github\physx_workshops\tutorial 2\myphysicsengine.h(68): warning C4305: 'argument': truncation from 'double' to 'physx::PxReal'
c:\users\computing\documents\github\physx_workshops\tutorial 2\myphysicsengine.h(69): warning C4305: 'argument': truncation from 'double' to 'physx::PxReal'
c:\users\computing\documents\github\physx_workshops\tutorial 2\myphysicsengine.h(70): warning C4305: 'argument': truncation from 'double' to 'physx::PxReal'
c:\users\computing\documents\github\physx_workshops\tutorial 2\myphysicsengine.h(71): warning C4305: 'argument': truncation from 'double' to 'physx::PxReal'
  Generating Code...
  Tutorial 2.vcxproj -> C:\Users\Computing\Documents\GitHub\Physx_Workshops\x64\Debug\Tutorial 2.exe
  Tutorial 2.vcxproj -> C:\Users\Computing\Documents\GitHub\Physx_Workshops\x64\Debug\Tutorial 2.pdb (Partial PDB)
